----------------------------------------------------------------------------------------------------
------------------------------------------- Mega-Linter --------------------------------------------
----------------------------------------------------------------------------------------------------
 - Image Creation Date: 2021-01-29T00:20:43Z
 - Image Revision: be3209d
 - Image Version: latest
----------------------------------------------------------------------------------------------------
The Mega-Linter documentation can be found at:
 - https://nvuillam.github.io/mega-linter
----------------------------------------------------------------------------------------------------
GITHUB_REPOSITORY: nvuillam/sfdx-hardis
GITHUB_SHA: 6789cbd7777ca2ffffab64e6bedb2a9633046a5e
GITHUB_TOKEN: v1.c8cf005b89484a0ee523bd067b6f16a89db61936
GITHUB_RUN_ID: 524475253


[Activation] JAVASCRIPT_ES has been set inactive, as none of these files has been found: ['.eslintrc.json', '.eslintrc.yml', '.eslintrc.yaml', '.eslintrc.js']
[Activation] JSX_ESLINT has been set inactive, as none of these files has been found: ['.eslintrc.json', '.eslintrc.yml', '.eslintrc.yaml', '.eslintrc.js']
[Activation] SWIFT_SWIFTLINT has been set inactive, as none of these files has been found: ['.swiftlint.yml']
[Activation] TSX_ESLINT has been set inactive, as none of these files has been found: ['.eslintrc.json', '.eslintrc.yml', '.eslintrc.yaml', '.eslintrc.js']
Skipped linters: ANSIBLE_ANSIBLE_LINT, EDITORCONFIG_EDITORCONFIG_CHECKER, JAVASCRIPT_ES, JAVASCRIPT_PRETTIER, JSON_JSONLINT, JSX_ESLINT, KUBERNETES_KUBEVAL, MARKDOWN_REMARK_LINT, SALESFORCE_SFDX_SCANNER, SWIFT_SWIFTLINT, TSX_ESLINT, TYPESCRIPT_ES, TYPESCRIPT_PRETTIER, TYPESCRIPT_STANDARD
To receive reports as email, please set variable EMAIL_REPORTER_EMAIL
Listing all files in directory [/github/workspace], then filter with:
- File extensions: , .R, .RMD, .Rmd, .bash, .c, .c++, .cc, .cdxml, .clj, .cljc, .cljs, .coffee, .cpp, .cs, .css, .cu, .cuh, .cxx, .dart, .dash, .edn, .env, .feature, .go, .gradle, .graphql, .groovy, .gvy, .h, .h++, .hcl, .hh, .hpp, .htm, .html, .hxx, .java, .js, .json, .json5, .jsonc, .ksh, .kt, .kts, .lua, .md, .nf, .p6, .php, .pl, .pl6, .pm, .pm6, .pp, .proto, .ps1, .ps1xml, .psd1, .psm1, .psrc, .pssc, .py, .r, .raku, .rakumod, .rakutest, .rb, .rs, .rst, .saas, .scala, .scss, .sh, .smk, .sql, .t, .tex, .tf, .vb, .xml, .yaml, .yml
- File names (regex): Dockerfile, Jenkinsfile, Snakefile
- Excluding regex: (vscode)
Kept [19] files on [36] found files

+----MATCHING LINTERS-------------------+---------------------+----------------+------------+
| Descriptor | Linter                   | Criteria            | Matching files | Format/Fix |
+------------+--------------------------+---------------------+----------------+------------+
| COPYPASTE  | jscpd                    |                     | project        | no         |
| GIT        | git_diff                 |                     | project        | no         |
| JSON       | eslint-plugin-jsonc      | .json|.json5|.jsonc | 8              | yes        |
| JSON       | v8r                      | .json               | 8              | no         |
| MARKDOWN   | markdownlint             | .md                 | 2              | yes        |
| MARKDOWN   | markdown-link-check      | .md                 | 2              | no         |
| MARKDOWN   | markdown-table-formatter | .md                 | 2              | yes        |
| SPELL      | misspell                 |                     | 19             | yes        |
| SPELL      | cspell                   |                     | 19             | no         |
| YAML       | yamllint                 | .yml|.yaml          | 5              | no         |
| YAML       | v8r                      | .yml|.yaml          | 5              | no         |
+------------+--------------------------+---------------------+----------------+------------+


### Processing [GIT] files
- Using [git_diff v2.26.2] https://git-scm.com
- Mega-Linter key: [GIT_GIT_DIFF]
- Rules config: identified by [git_diff]
✅ Linted [GIT] files with [git_diff] successfully - (0.01s)
[Text Reporter] Generated TEXT report: /github/workspace/report/linters_logs/SUCCESS-GIT_GIT_DIFF.log

### Processing [COPYPASTE] files
- Using [jscpd v3.3.23] https://github.com/kucherenko/jscpd/tree/master/packages/jscpd
- Mega-Linter key: [COPYPASTE_JSCPD]
- Rules config: [/github/workspace/.jscpd.json]
✅ Linted [COPYPASTE] files with [jscpd] successfully - (0.96s)
[Text Reporter] Generated TEXT report: /github/workspace/report/linters_logs/SUCCESS-COPYPASTE_JSCPD.log
Unable to get version for linter [eslint-plugin-jsonc]
npm list eslint-plugin-jsonc returned output: (1) sfdx-hardis@0.2.0 /github/workspace
└── (empty)


Unable to extract version with regex re.compile('\\d+(\\.\\d+)+') from ERROR

### Processing [JSON] files
- Using [eslint-plugin-jsonc vERROR] https://ota-meshi.github.io/eslint-plugin-jsonc/
- Mega-Linter key: [JSON_ESLINT_PLUGIN_JSONC]
- Rules config: [/github/workspace/.eslintrc-json.json]
[eslint-plugin-jsonc] .cspell.json
[eslint-plugin-jsonc] .eslintrc-json.json
[eslint-plugin-jsonc] .jscpd.json
[eslint-plugin-jsonc] messages/org.json
[eslint-plugin-jsonc] package.json
[eslint-plugin-jsonc] test/tsconfig.json
[eslint-plugin-jsonc] tsconfig.json
[eslint-plugin-jsonc] tslint.json
✅ Linted [JSON] files with [eslint-plugin-jsonc] successfully - (0.99s)

### Processing [MARKDOWN] files
- Using [markdownlint v0.26.0] https://github.com/DavidAnson/markdownlint
- Mega-Linter key: [MARKDOWN_MARKDOWNLINT]
- Rules config: [.markdown-lint.json]
[markdownlint] CHANGELOG.md
[markdownlint] README.md - FIXED
--Error detail:
/github/workspace/README.md:19 MD003/heading-style/header-style Heading style [Expected: setext; Actual: atx]
/github/workspace/README.md:38 MD003/heading-style/header-style Heading style [Expected: setext; Actual: atx]
/github/workspace/README.md:42 MD003/heading-style/header-style Heading style [Expected: setext; Actual: atx]
/github/workspace/README.md:49 MD003/heading-style/header-style Heading style [Expected: setext; Actual: atx]
/github/workspace/README.md:53 MD040/fenced-code-language Fenced code blocks should have a language specified [Context: "```"]
/github/workspace/README.md:112 MD003/heading-style/header-style Heading style [Expected: setext; Actual: atx]
/github/workspace/README.md:116 MD040/fenced-code-language Fenced code blocks should have a language specified [Context: "```"]
/github/workspace/README.md:160 MD003/heading-style/header-style Heading style [Expected: setext; Actual: atx]
/github/workspace/README.md:164 MD040/fenced-code-language Fenced code blocks should have a language specified [Context: "```"]

✅ Linted [MARKDOWN] files with [markdownlint]: Found 9 non blocking error(s) - (0.29s)
[Text Reporter] Generated TEXT report: /github/workspace/report/linters_logs/SUCCESS-JSON_ESLINT_PLUGIN_JSONC.log
[Text Reporter] Generated TEXT report: /github/workspace/report/linters_logs/ERROR-MARKDOWN_MARKDOWNLINT.log

### Processing [MARKDOWN] files
- Using [markdown-link-check v0.0.0] https://github.com/tcort/markdown-link-check
- Mega-Linter key: [MARKDOWN_MARKDOWN_LINK_CHECK]
- Rules config: [.markdown-link-check.json]
[markdown-link-check] CHANGELOG.md - SUCCESS - 0 error(s)
[markdown-link-check] README.md - ERROR - 3 error(s)
--Error detail:

FILE: /github/workspace/README.md
[✓] https://www.hardis-group.com/
[✓] https://npmjs.org/package/sfdx-hardis
[✓] https://img.shields.io/npm/v/sfdx-hardis.svg
[✓] https://github.com/nvuillam/sfdx-hardis/actions?query=workflow%3AMega-Linter+branch%3Amain
[✓] https://github.com/nvuillam/sfdx-hardis/workflows/Mega-Linter/badge.svg?branch=main
[✓] https://codecov.io/gh/nvuillam/sfdx-hardis
[✓] https://codecov.io/gh/nvuillam/sfdx-hardis/branch/main/graph/badge.svg
[✓] https://img.shields.io/npm/dw/sfdx-hardis.svg
[✓] https://github.com/nvuillam/sfdx-hardis/blob/main/package.json
[✓] https://img.shields.io/npm/l/sfdx-hardis.svg
[✓] #sfdx-hardisorgpurgeflow--z--n-string--s-string---sandbox--r-string--d--u-string---apiversion-string---json---loglevel-tracedebuginfowarnerrorfataltracedebuginfowarnerrorfatal
[✓] #sfdx-hardisorgretrievesourcesdx--f-string--t-string--m-string--z--s--r-string--d--u-string---apiversion-string---json---loglevel-tracedebuginfowarnerrorfataltracedebuginfowarnerrorfatal
[✓] #sfdx-hardisorgretrievesourcesmetadata--f-string--p-string--z--s--r-string--d--u-string---apiversion-string---json---loglevel-tracedebuginfowarnerrorfataltracedebuginfowarnerrorfatal
[✖] https://github.com/nvuillam/sfdx-hardis/blob/v0.2.0/lib/commands/hardis/org/purge/flow.js
[✖] https://github.com/nvuillam/sfdx-hardis/blob/v0.2.0/lib/commands/hardis/org/retrieve/sources/dx.js
[✖] https://github.com/nvuillam/sfdx-hardis/blob/v0.2.0/lib/commands/hardis/org/retrieve/sources/metadata.js

16 links checked.

ERROR: 3 dead links found!
[✖] https://github.com/nvuillam/sfdx-hardis/blob/v0.2.0/lib/commands/hardis/org/purge/flow.js → Status: 404
[✖] https://github.com/nvuillam/sfdx-hardis/blob/v0.2.0/lib/commands/hardis/org/retrieve/sources/dx.js → Status: 404
[✖] https://github.com/nvuillam/sfdx-hardis/blob/v0.2.0/lib/commands/hardis/org/retrieve/sources/metadata.js → Status: 404

✅ Linted [MARKDOWN] files with [markdown-link-check]: Found 3 non blocking error(s) - (2.74s)
[Text Reporter] Generated TEXT report: /github/workspace/report/linters_logs/ERROR-MARKDOWN_MARKDOWN_LINK_CHECK.log

### Processing [MARKDOWN] files
- Using [markdown-table-formatter v1.0.4] https://www.npmjs.com/package/markdown-table-formatter
- Mega-Linter key: [MARKDOWN_MARKDOWN_TABLE_FORMATTER]
- Rules config: identified by [markdown-table-formatter]
[markdown-table-formatter] CHANGELOG.md
[markdown-table-formatter] README.md - FIXED
✅ Linted [MARKDOWN] files with [markdown-table-formatter] successfully - (0.19s)
[Text Reporter] Generated TEXT report: /github/workspace/report/linters_logs/SUCCESS-MARKDOWN_MARKDOWN_TABLE_FORMATTER.log

### Processing [SPELL] files
- Using [misspell v0.3.4] https://github.com/client9/misspell
- Mega-Linter key: [SPELL_MISSPELL]
- Rules config: identified by [misspell]
[misspell] .cspell.json
[misspell] .editorconfig
[misspell] .eslintrc-json.json
[misspell] .github/workflows/deploy-PROD.yml
[misspell] .github/workflows/deploy-RELEASE.yml
[misspell] .github/workflows/mega-linter.yml
[misspell] .github/workflows/test.yml
[misspell] .gitignore
[misspell] .jscpd.json
[misspell] .mega-linter.yml
[misspell] CHANGELOG.md
[misspell] LICENSE
[misspell] README.md - FIXED
[misspell] bin/run
[misspell] messages/org.json
[misspell] package.json
[misspell] test/tsconfig.json
[misspell] tsconfig.json
[misspell] tslint.json
✅ Linted [SPELL] files with [misspell] successfully - (0.07s)
[Text Reporter] Generated TEXT report: /github/workspace/report/linters_logs/SUCCESS-SPELL_MISSPELL.log

### Processing [SPELL] files
- Using [cspell v4.1.3] https://github.com/streetsidesoftware/cspell/tree/master/packages/cspell
- Mega-Linter key: [SPELL_CSPELL]
- Rules config: [/github/workspace/.cspell.json]
[cspell] .cspell.json
[cspell] .editorconfig
[cspell] .eslintrc-json.json
[cspell] .github/workflows/deploy-PROD.yml
[cspell] .github/workflows/deploy-RELEASE.yml
[cspell] .github/workflows/mega-linter.yml
[cspell] .github/workflows/test.yml
[cspell] .gitignore
[cspell] .jscpd.json
[cspell] .mega-linter.yml
[cspell] CHANGELOG.md
[cspell] LICENSE
[cspell] README.md
[cspell] bin/run
[cspell] messages/org.json
[cspell] package.json
[cspell] test/tsconfig.json
[cspell] tsconfig.json
[cspell] tslint.json
✅ Linted [SPELL] files with [cspell] successfully - (2.54s)
[Text Reporter] Generated TEXT report: /github/workspace/report/linters_logs/SUCCESS-SPELL_CSPELL.log

### Processing [YAML] files
- Using [yamllint v1.25.0] https://yamllint.readthedocs.io/
- Mega-Linter key: [YAML_YAMLLINT]
- Rules config: [.yaml-lint.yml]
[yamllint] .github/workflows/deploy-PROD.yml - SUCCESS - 0 error(s)
[yamllint] .github/workflows/deploy-RELEASE.yml - SUCCESS - 0 error(s)
[yamllint] .github/workflows/mega-linter.yml - SUCCESS - 0 error(s)
[yamllint] .github/workflows/test.yml - SUCCESS - 0 error(s)
[yamllint] .mega-linter.yml - SUCCESS - 0 error(s)
✅ Linted [YAML] files with [yamllint] successfully - (0.49s)
[Text Reporter] Generated TEXT report: /github/workspace/report/linters_logs/SUCCESS-YAML_YAMLLINT.log

### Processing [JSON] files
- Using [v8r v0.5.0] https://github.com/chris48s/v8r
- Mega-Linter key: [JSON_V8R]
- Rules config: identified by [v8r]
[v8r] .cspell.json - SUCCESS - 0 error(s)
[v8r] .eslintrc-json.json - SUCCESS - 0 error(s)
[v8r] .jscpd.json - SUCCESS - 0 error(s)
[v8r] messages/org.json - SUCCESS - 0 error(s)
[v8r] package.json - SUCCESS - 0 error(s)
[v8r] test/tsconfig.json - SUCCESS - 0 error(s)
[v8r] tsconfig.json - SUCCESS - 0 error(s)
[v8r] tslint.json - SUCCESS - 0 error(s)
✅ Linted [JSON] files with [v8r] successfully - (10.34s)
[Text Reporter] Generated TEXT report: /github/workspace/report/linters_logs/SUCCESS-JSON_V8R.log

### Processing [YAML] files
- Using [v8r v0.5.0] https://github.com/chris48s/v8r
- Mega-Linter key: [YAML_V8R]
- Rules config: identified by [v8r]
[v8r] .github/workflows/deploy-PROD.yml - SUCCESS - 0 error(s)
[v8r] .github/workflows/deploy-RELEASE.yml - SUCCESS - 0 error(s)
[v8r] .github/workflows/mega-linter.yml - SUCCESS - 0 error(s)
[v8r] .github/workflows/test.yml - SUCCESS - 0 error(s)
[v8r] .mega-linter.yml - ERROR - 1 error(s)
--Error detail:
Validating /github/workspace/.mega-linter.yml against schema from https://raw.githubusercontent.com/nvuillam/mega-linter/master/megalinter/descriptors/schemas/megalinter-configuration.jsonschema.json ...

Errors:
[
  {
    keyword: 'enum',
    dataPath: '.TYPESCRIPT_DEFAULT_STYLE',
    schemaPath: '#/properties/TYPESCRIPT_DEFAULT_STYLE/enum',
    params: { allowedValues: [Array] },
    message: 'should be equal to one of the allowed values'
  }
]

❌ /github/workspace/.mega-linter.yml is invalid

✅ Linted [YAML] files with [v8r]: Found 1 non blocking error(s) - (2.53s)
[Text Reporter] Generated TEXT report: /github/workspace/report/linters_logs/ERROR-YAML_V8R.log

+----SUMMARY---+--------------------------+---------+-------+--------+--------------+
| Descriptor   | Linter                   |   Files | Fixed | Errors | Elapsed time |
+--------------+--------------------------+---------+-------+--------+--------------+
| ✅ COPYPASTE | jscpd                    | project |       |      0 |        0.96s |
| ✅ GIT       | git_diff                 | project |       |      0 |        0.01s |
| ✅ JSON      | eslint-plugin-jsonc      |       8 |     0 |      0 |        0.99s |
| ✅ JSON      | v8r                      |       8 |       |      0 |       10.34s |
| ◬ MARKDOWN   | markdownlint             |       2 |     1 |      9 |        0.29s |
| ◬ MARKDOWN   | markdown-link-check      |       2 |       |      3 |        2.74s |
| ✅ MARKDOWN  | markdown-table-formatter |       2 |     1 |      0 |        0.19s |
| ✅ SPELL     | cspell                   |      19 |       |      0 |        2.54s |
| ✅ SPELL     | misspell                 |      19 |     1 |      0 |        0.07s |
| ◬ YAML       | v8r                      |       5 |       |      1 |        2.53s |
| ✅ YAML      | yamllint                 |       5 |       |      0 |        0.49s |
+--------------+--------------------------+---------+-------+--------+--------------+

[GitHub Comment Reporter] No pull request was found, so no comment has been posted
[Updated Sources Reporter] copied 1 fixed source files in folder /github/workspace/report/updated_sources.
Download it from artifacts then copy-paste it in your local repo to apply linters updates
◬ Successfully linted all files, but with ignored errors
