Results of v8r linter (version 0.5.0)
See documentation on https://nvuillam.github.io/mega-linter/descriptors/yaml_v8r/
-----------------------------------------------

✅ [SUCCESS] .github/workflows/deploy-PROD.yml
✅ [SUCCESS] .github/workflows/deploy-RELEASE.yml
✅ [SUCCESS] .github/workflows/mega-linter.yml
✅ [SUCCESS] .github/workflows/test.yml
❌ [ERROR] .mega-linter.yml
    Validating .mega-linter.yml against schema from https://raw.githubusercontent.com/nvuillam/mega-linter/master/megalinter/descriptors/schemas/megalinter-configuration.jsonschema.json ...
    
    Errors:
    [
      {
        keyword: 'enum',
        dataPath: '.TYPESCRIPT_DEFAULT_STYLE',
        schemaPath: '#/properties/TYPESCRIPT_DEFAULT_STYLE/enum',
        params: { allowedValues: [Array] },
        message: 'should be equal to one of the allowed values'
      }
    ]
    
    ❌ .mega-linter.yml is invalid

