Results of markdown-link-check linter (version 0.0.0)
See documentation on https://nvuillam.github.io/mega-linter/descriptors/markdown_markdown_link_check/
-----------------------------------------------

✅ [SUCCESS] CHANGELOG.md
❌ [ERROR] README.md
    
    FILE: README.md
    [✓] https://www.hardis-group.com/
    [✓] https://npmjs.org/package/sfdx-hardis
    [✓] https://img.shields.io/npm/v/sfdx-hardis.svg
    [✓] https://github.com/nvuillam/sfdx-hardis/actions?query=workflow%3AMega-Linter+branch%3Amain
    [✓] https://github.com/nvuillam/sfdx-hardis/workflows/Mega-Linter/badge.svg?branch=main
    [✓] https://codecov.io/gh/nvuillam/sfdx-hardis
    [✓] https://codecov.io/gh/nvuillam/sfdx-hardis/branch/main/graph/badge.svg
    [✓] https://img.shields.io/npm/dw/sfdx-hardis.svg
    [✓] https://github.com/nvuillam/sfdx-hardis/blob/main/package.json
    [✓] https://img.shields.io/npm/l/sfdx-hardis.svg
    [✓] #sfdx-hardisorgpurgeflow--z--n-string--s-string---sandbox--r-string--d--u-string---apiversion-string---json---loglevel-tracedebuginfowarnerrorfataltracedebuginfowarnerrorfatal
    [✓] #sfdx-hardisorgretrievesourcesdx--f-string--t-string--m-string--z--s--r-string--d--u-string---apiversion-string---json---loglevel-tracedebuginfowarnerrorfataltracedebuginfowarnerrorfatal
    [✓] #sfdx-hardisorgretrievesourcesmetadata--f-string--p-string--z--s--r-string--d--u-string---apiversion-string---json---loglevel-tracedebuginfowarnerrorfataltracedebuginfowarnerrorfatal
    [✖] https://github.com/nvuillam/sfdx-hardis/blob/v0.2.0/lib/commands/hardis/org/purge/flow.js
    [✖] https://github.com/nvuillam/sfdx-hardis/blob/v0.2.0/lib/commands/hardis/org/retrieve/sources/dx.js
    [✖] https://github.com/nvuillam/sfdx-hardis/blob/v0.2.0/lib/commands/hardis/org/retrieve/sources/metadata.js
    
    16 links checked.
    
    ERROR: 3 dead links found!
    [✖] https://github.com/nvuillam/sfdx-hardis/blob/v0.2.0/lib/commands/hardis/org/purge/flow.js → Status: 404
    [✖] https://github.com/nvuillam/sfdx-hardis/blob/v0.2.0/lib/commands/hardis/org/retrieve/sources/dx.js → Status: 404
    [✖] https://github.com/nvuillam/sfdx-hardis/blob/v0.2.0/lib/commands/hardis/org/retrieve/sources/metadata.js → Status: 404

